<?xml version="1.0" encoding="UTF-8"?>
<!-- Generated by org.testng.reporters.JUnitXMLReporter -->
<testsuite ignored="0" hostname="Anuvrats-MacBook-Air.local" failures="0" tests="2" name="Default test" time="0.114" errors="0" timestamp="2024-07-13T01:11:08 IST">
  <testcase classname="serializationAndDeserialization.SerializationAndDeserialization" name="convertPOJOtoJson" time="0.084"/>
  <testcase classname="serializationAndDeserialization.SerializationAndDeserialization" name="convertJSONtoPojo" time="0.011"/>
</testsuite> <!-- Default test -->
