<?xml version="1.0" encoding="UTF-8"?>
<testng-results ignored="0" total="2" passed="2" failed="0" skipped="0">
  <reporter-output>
  </reporter-output>
  <suite started-at="2024-07-13T01:11:08 IST" name="Default suite" finished-at="2024-07-13T01:11:08 IST" duration-ms="114">
    <groups>
    </groups>
    <test started-at="2024-07-13T01:11:08 IST" name="Default test" finished-at="2024-07-13T01:11:08 IST" duration-ms="114">
      <class name="serializationAndDeserialization.SerializationAndDeserialization">
        <test-method signature="convertPOJOtoJson()[pri:1, instance:serializationAndDeserialization.SerializationAndDeserialization@702657cc]" started-at="2024-07-13T01:11:08 IST" name="convertPOJOtoJson" finished-at="2024-07-13T01:11:08 IST" duration-ms="84" status="PASS">
          <reporter-output>
          </reporter-output>
        </test-method> <!-- convertPOJOtoJson -->
        <test-method signature="convertJSONtoPojo()[pri:2, instance:serializationAndDeserialization.SerializationAndDeserialization@702657cc]" started-at="2024-07-13T01:11:08 IST" name="convertJSONtoPojo" finished-at="2024-07-13T01:11:08 IST" duration-ms="11" status="PASS">
          <reporter-output>
          </reporter-output>
        </test-method> <!-- convertJSONtoPojo -->
      </class> <!-- serializationAndDeserialization.SerializationAndDeserialization -->
    </test> <!-- Default test -->
  </suite> <!-- Default suite -->
</testng-results>
