<?xml version="1.0" encoding="UTF-8"?>
<testng-results ignored="0" total="1" passed="1" failed="0" skipped="0">
  <reporter-output>
  </reporter-output>
  <suite started-at="2024-07-01T20:24:09 IST" name="Default suite" finished-at="2024-07-01T20:24:10 IST" duration-ms="616">
    <groups>
    </groups>
    <test started-at="2024-07-01T20:24:09 IST" name="Default test" finished-at="2024-07-01T20:24:10 IST" duration-ms="616">
      <class name="logging.LoggingExample">
        <test-method signature="logging()[pri:1, instance:logging.LoggingExample@36ebc363]" started-at="2024-07-01T20:24:09 IST" name="logging" finished-at="2024-07-01T20:24:10 IST" duration-ms="602" status="PASS">
          <reporter-output>
          </reporter-output>
        </test-method> <!-- logging -->
      </class> <!-- logging.LoggingExample -->
    </test> <!-- Default test -->
  </suite> <!-- Default suite -->
</testng-results>
